<?xml version="1.0" encoding="UTF-8"?>
<!-- Generated by org.testng.reporters.JUnitReportReporter -->
<testsuite hostname="Wolfden" failures="0" tests="3" name="testRunners.TestRunner" time="20.048" errors="0" timestamp="2024-07-03T18:21:50 IST" skipped="0">
  <testcase classname="testRunners.TestRunner" name="runScenario" time="6.970"/>
  <system-out>
    <![CDATA[I launch the Django demo website
Feature File Step: I view the Home Page
Feature File Step:I click on the feature]]>
  </system-out>
  <testcase classname="testRunners.TestRunner" name="runScenario" time="6.377"/>
  <system-out>
    <![CDATA[I launch the Django demo website
Feature File Step: I view the Home Page
Feature File Step:I click on the feature]]>
  </system-out>
  <testcase classname="testRunners.TestRunner" name="runScenario" time="6.701"/>
  <system-out>
    <![CDATA[I launch the Django demo website
Feature File Step: I view the Home Page
Feature File Step:I click on the feature]]>
  </system-out>
</testsuite> <!-- testRunners.TestRunner -->
